0.946849
0.980261
0.9806
0.981353
1.02612
1.02637
1.02834
1.06969
1.20646
1.24586
1.29758
2.13013
2.44125
2.90497
2.90547
3.71526
3.86048
3.86115
4.43686
7.49974
7.72598
7.95727
0.711124
0.752406
0.794403
0.835136
0.835605
0.880041
0.88134
0.92618
0.970345
1.07526
1.1284
1.38575
1.56622
1.64633
1.92778
0.772219
0.813202
0.813836
0.813971
0.897118
0.931295
1.09197
1.14626
1.14705
1.2964
1.37883
1.4208
1.79486
1.83697
2.05575
2.72514
3.36382
3.71168
3.82251
4.0741
20.6546
21.6731
0.34706
0.347356
0.380112
0.380643
0.447287
0.447876
0.880815
0.919637
1.24184
1.242
1.29746
1.3746
1.37505
1.43781
1.52392
1.52463
1.79268
4.01238
4.41314
5.56522
5.81769
5.81845
